<?xml version="1.0" encoding="UTF-8"?>
<!-- Generated by org.testng.reporters.JUnitReportReporter -->
<testsuite hostname="creme130" name="Reg_AccountAccess.UserProfileAccountPage" tests="4" failures="0" timestamp="6 Feb 2017 13:02:31 GMT" time="97.538" errors="0">
  <testcase name="verifyAccountDetailsPageContents" time="24.889" classname="Reg_AccountAccess.UserProfileAccountPage"/>
  <testcase name="createActiveUserProfile" time="11.425" classname="Reg_AccountAccess.UserProfileAccountPage"/>
  <testcase name="verifyPageValidationErrorsAndSaveChangesAction" time="47.362" classname="Reg_AccountAccess.UserProfileAccountPage"/>
  <testcase name="shouldLogOut" time="13.862" classname="Reg_AccountAccess.UserProfileAccountPage"/>
</testsuite> <!-- Reg_AccountAccess.UserProfileAccountPage -->
