<?xml version="1.0" encoding="UTF-8"?>
<!-- Generated by org.testng.reporters.JUnitReportReporter -->
<testsuite hostname="creme130" name="Reg_AccountAccess.MyProfilePageFunctionality" tests="5" failures="0" timestamp="6 Feb 2017 13:02:31 GMT" time="134.193" errors="0">
  <testcase name="verifyEditModeDetailsSection" time="10.758" classname="Reg_AccountAccess.MyProfilePageFunctionality"/>
  <testcase name="verifyEditModeMyProfileHeader" time="55.873" classname="Reg_AccountAccess.MyProfilePageFunctionality"/>
  <testcase name="verifyGravitarSource" time="40.816" classname="Reg_AccountAccess.MyProfilePageFunctionality"/>
  <testcase name="verifyMyProfilePageContents" time="15.201" classname="Reg_AccountAccess.MyProfilePageFunctionality"/>
  <testcase name="createActiveUserProfile" time="11.545" classname="Reg_AccountAccess.MyProfilePageFunctionality"/>
</testsuite> <!-- Reg_AccountAccess.MyProfilePageFunctionality -->
