<?xml version="1.0" encoding="UTF-8"?>
<!-- Generated by org.testng.reporters.JUnitReportReporter -->
<testsuite hostname="creme130" name="Reg_AccountAccess.TeamPage" tests="5" failures="0" timestamp="6 Feb 2017 13:02:31 GMT" time="179.655" errors="0">
  <testcase name="createActiveUserProfile" time="11.676" classname="Reg_AccountAccess.TeamPage"/>
  <testcase name="deletePreviouslyEnteredData" time="31.834" classname="Reg_AccountAccess.TeamPage"/>
  <testcase name="verifyTeamListIsCorrect" time="50.679" classname="Reg_AccountAccess.TeamPage"/>
  <testcase name="verifyUserEditModeForOwnDetails" time="62.147" classname="Reg_AccountAccess.TeamPage"/>
  <testcase name="verifyReadOnlyModeForOtherMembersDetails" time="23.319" classname="Reg_AccountAccess.TeamPage"/>
</testsuite> <!-- Reg_AccountAccess.TeamPage -->
